<?xml version="1.0" encoding="UTF-8"?>
<coverage generated="1648293686117" clover="3.2.0">
  <project timestamp="1648293686118" name="All files">
    <metrics statements="20" coveredstatements="6" conditionals="10" coveredconditionals="0" methods="7" coveredmethods="3" elements="37" coveredelements="9" complexity="0" loc="20" ncloc="20" packages="2" files="2" classes="2"/>
    <package name="serverComponents">
      <metrics statements="19" coveredstatements="5" conditionals="10" coveredconditionals="0" methods="6" coveredmethods="2"/>
      <file name="acceleration.js" path="C:\Users\Prince Singh\Desktop\FYP_CODE\Final_Artefact\serverComponents\acceleration.js">
        <metrics statements="19" coveredstatements="5" conditionals="10" coveredconditionals="0" methods="6" coveredmethods="2"/>
        <line num="6" count="1" type="stmt"/>
        <line num="7" count="1" type="stmt"/>
        <line num="8" count="0" type="cond" truecount="0" falsecount="2"/>
        <line num="9" count="0" type="cond" truecount="0" falsecount="4"/>
        <line num="11" count="0" type="stmt"/>
        <line num="12" count="0" type="stmt"/>
        <line num="16" count="1" type="stmt"/>
        <line num="21" count="1" type="stmt"/>
        <line num="22" count="1" type="stmt"/>
        <line num="27" count="0" type="stmt"/>
        <line num="28" count="0" type="stmt"/>
        <line num="29" count="0" type="stmt"/>
        <line num="30" count="0" type="stmt"/>
        <line num="32" count="0" type="cond" truecount="0" falsecount="2"/>
        <line num="33" count="0" type="stmt"/>
        <line num="34" count="0" type="stmt"/>
        <line num="35" count="0" type="cond" truecount="0" falsecount="2"/>
        <line num="36" count="0" type="stmt"/>
        <line num="40" count="0" type="stmt"/>
      </file>
    </package>
    <package name="test">
      <metrics statements="1" coveredstatements="1" conditionals="0" coveredconditionals="0" methods="1" coveredmethods="1"/>
      <file name="sum.js" path="C:\Users\Prince Singh\Desktop\FYP_CODE\Final_Artefact\test\sum.js">
        <metrics statements="1" coveredstatements="1" conditionals="0" coveredconditionals="0" methods="1" coveredmethods="1"/>
        <line num="2" count="1" type="stmt"/>
      </file>
    </package>
  </project>
</coverage>
