<?xml version="1.0" encoding="UTF-8"?>
<coverage generated="1648551694927" clover="3.2.0">
  <project timestamp="1648551694927" name="All files">
    <metrics statements="19" coveredstatements="5" conditionals="10" coveredconditionals="0" methods="6" coveredmethods="2" elements="35" coveredelements="7" complexity="0" loc="19" ncloc="19" packages="1" files="1" classes="1"/>
    <file name="acceleration.js" path="C:\Users\Prince Singh\Desktop\FYP_CODE\Final_Artefact\serverComponents\acceleration.js">
      <metrics statements="19" coveredstatements="5" conditionals="10" coveredconditionals="0" methods="6" coveredmethods="2"/>
      <line num="6" count="1" type="stmt"/>
      <line num="7" count="1" type="stmt"/>
      <line num="8" count="0" type="cond" truecount="0" falsecount="2"/>
      <line num="9" count="0" type="cond" truecount="0" falsecount="4"/>
      <line num="11" count="0" type="stmt"/>
      <line num="12" count="0" type="stmt"/>
      <line num="16" count="1" type="stmt"/>
      <line num="21" count="1" type="stmt"/>
      <line num="22" count="1" type="stmt"/>
      <line num="27" count="0" type="stmt"/>
      <line num="28" count="0" type="stmt"/>
      <line num="29" count="0" type="stmt"/>
      <line num="30" count="0" type="stmt"/>
      <line num="32" count="0" type="cond" truecount="0" falsecount="2"/>
      <line num="33" count="0" type="stmt"/>
      <line num="34" count="0" type="stmt"/>
      <line num="35" count="0" type="cond" truecount="0" falsecount="2"/>
      <line num="36" count="0" type="stmt"/>
      <line num="40" count="0" type="stmt"/>
    </file>
  </project>
</coverage>
