{"C:\\Users\\Prince Singh\\Desktop\\FYP_CODE\\Final_Artefact\\serverComponents\\acceleration.js": {"path":"C:\\Users\\Prince Singh\\Desktop\\FYP_CODE\\Final_Artefact\\serverComponents\\acceleration.js","statementMap":{"0":{"start":{"line":6,"column":18},"end":{"line":6,"column":20}},"1":{"start":{"line":7,"column":2},"end":{"line":15,"column":5}},"2":{"start":{"line":8,"column":4},"end":{"line":14,"column":5}},"3":{"start":{"line":9,"column":6},"end":{"line":13,"column":7}},"4":{"start":{"line":11,"column":8},"end":{"line":11,"column":22}},"5":{"start":{"line":12,"column":8},"end":{"line":12,"column":26}},"6":{"start":{"line":16,"column":2},"end":{"line":16,"column":16}},"7":{"start":{"line":21,"column":14},"end":{"line":21,"column":35}},"8":{"start":{"line":22,"column":2},"end":{"line":22,"column":51}},"9":{"start":{"line":27,"column":26},"end":{"line":27,"column":28}},"10":{"start":{"line":28,"column":4},"end":{"line":39,"column":7}},"11":{"start":{"line":29,"column":18},"end":{"line":31,"column":8}},"12":{"start":{"line":30,"column":8},"end":{"line":30,"column":45}},"13":{"start":{"line":32,"column":6},"end":{"line":38,"column":7}},"14":{"start":{"line":33,"column":27},"end":{"line":33,"column":111}},"15":{"start":{"line":34,"column":20},"end":{"line":34,"column":71}},"16":{"start":{"line":35,"column":8},"end":{"line":37,"column":9}},"17":{"start":{"line":36,"column":10},"end":{"line":36,"column":83}},"18":{"start":{"line":40,"column":4},"end":{"line":40,"column":26}}},"fnMap":{"0":{"name":"extractGPSlocations","decl":{"start":{"line":5,"column":16},"end":{"line":5,"column":35}},"loc":{"start":{"line":5,"column":60},"end":{"line":17,"column":1}},"line":5},"1":{"name":"(anonymous_1)","decl":{"start":{"line":7,"column":28},"end":{"line":7,"column":29}},"loc":{"start":{"line":7,"column":41},"end":{"line":15,"column":3}},"line":7},"2":{"name":"reduceNumber","decl":{"start":{"line":20,"column":16},"end":{"line":20,"column":28}},"loc":{"start":{"line":20,"column":45},"end":{"line":23,"column":1}},"line":20},"3":{"name":"showDistance","decl":{"start":{"line":26,"column":16},"end":{"line":26,"column":28}},"loc":{"start":{"line":26,"column":70},"end":{"line":41,"column":1}},"line":26},"4":{"name":"(anonymous_4)","decl":{"start":{"line":28,"column":28},"end":{"line":28,"column":29}},"loc":{"start":{"line":28,"column":38},"end":{"line":39,"column":5}},"line":28},"5":{"name":"(anonymous_5)","decl":{"start":{"line":29,"column":33},"end":{"line":29,"column":34}},"loc":{"start":{"line":29,"column":41},"end":{"line":31,"column":7}},"line":29}},"branchMap":{"0":{"loc":{"start":{"line":8,"column":4},"end":{"line":14,"column":5}},"type":"if","locations":[{"start":{"line":8,"column":4},"end":{"line":14,"column":5}},{"start":{},"end":{}}],"line":8},"1":{"loc":{"start":{"line":9,"column":6},"end":{"line":13,"column":7}},"type":"if","locations":[{"start":{"line":9,"column":6},"end":{"line":13,"column":7}},{"start":{},"end":{}}],"line":9},"2":{"loc":{"start":{"line":9,"column":9},"end":{"line":10,"column":86}},"type":"binary-expr","locations":[{"start":{"line":9,"column":9},"end":{"line":9,"column":86}},{"start":{"line":10,"column":9},"end":{"line":10,"column":86}}],"line":9},"3":{"loc":{"start":{"line":32,"column":6},"end":{"line":38,"column":7}},"type":"if","locations":[{"start":{"line":32,"column":6},"end":{"line":38,"column":7}},{"start":{},"end":{}}],"line":32},"4":{"loc":{"start":{"line":35,"column":8},"end":{"line":37,"column":9}},"type":"if","locations":[{"start":{"line":35,"column":8},"end":{"line":37,"column":9}},{"start":{},"end":{}}],"line":35}},"s":{"0":1,"1":1,"2":0,"3":0,"4":0,"5":0,"6":1,"7":1,"8":1,"9":0,"10":0,"11":0,"12":0,"13":0,"14":0,"15":0,"16":0,"17":0,"18":0},"f":{"0":1,"1":0,"2":1,"3":0,"4":0,"5":0},"b":{"0":[0,0],"1":[0,0],"2":[0,0],"3":[0,0],"4":[0,0]},"_coverageSchema":"1a1c01bbd47fc00a2c39e90264f33305004495a9","hash":"e289e172c73c51eb6467240aec18f3f1cee8a7c6"}
}
