{"C:\\Users\\Prince Singh\\Desktop\\FYP_CODE\\Final_Artefact\\serverComponents\\acceleration.js": {"path":"C:\\Users\\Prince Singh\\Desktop\\FYP_CODE\\Final_Artefact\\serverComponents\\acceleration.js","statementMap":{"0":{"start":{"line":6,"column":18},"end":{"line":6,"column":20}},"1":{"start":{"line":7,"column":2},"end":{"line":15,"column":5}},"2":{"start":{"line":8,"column":4},"end":{"line":14,"column":5}},"3":{"start":{"line":9,"column":6},"end":{"line":13,"column":7}},"4":{"start":{"line":11,"column":8},"end":{"line":11,"column":22}},"5":{"start":{"line":12,"column":8},"end":{"line":12,"column":26}},"6":{"start":{"line":16,"column":2},"end":{"line":16,"column":16}},"7":{"start":{"line":21,"column":14},"end":{"line":21,"column":35}},"8":{"start":{"line":22,"column":2},"end":{"line":22,"column":51}},"9":{"start":{"line":27,"column":26},"end":{"line":27,"column":28}},"10":{"start":{"line":28,"column":4},"end":{"line":41,"column":7}},"11":{"start":{"line":29,"column":18},"end":{"line":31,"column":8}},"12":{"start":{"line":30,"column":8},"end":{"line":30,"column":45}},"13":{"start":{"line":32,"column":6},"end":{"line":40,"column":7}},"14":{"start":{"line":33,"column":27},"end":{"line":33,"column":111}},"15":{"start":{"line":34,"column":20},"end":{"line":34,"column":71}},"16":{"start":{"line":35,"column":8},"end":{"line":37,"column":9}},"17":{"start":{"line":36,"column":10},"end":{"line":36,"column":83}},"18":{"start":{"line":39,"column":8},"end":{"line":39,"column":34}},"19":{"start":{"line":42,"column":4},"end":{"line":42,"column":26}}},"fnMap":{"0":{"name":"extractGPSlocations","decl":{"start":{"line":5,"column":16},"end":{"line":5,"column":35}},"loc":{"start":{"line":5,"column":60},"end":{"line":17,"column":1}},"line":5},"1":{"name":"(anonymous_1)","decl":{"start":{"line":7,"column":28},"end":{"line":7,"column":29}},"loc":{"start":{"line":7,"column":41},"end":{"line":15,"column":3}},"line":7},"2":{"name":"reduceNumber","decl":{"start":{"line":20,"column":16},"end":{"line":20,"column":28}},"loc":{"start":{"line":20,"column":45},"end":{"line":23,"column":1}},"line":20},"3":{"name":"showDistance","decl":{"start":{"line":26,"column":16},"end":{"line":26,"column":28}},"loc":{"start":{"line":26,"column":70},"end":{"line":43,"column":1}},"line":26},"4":{"name":"(anonymous_4)","decl":{"start":{"line":28,"column":28},"end":{"line":28,"column":29}},"loc":{"start":{"line":28,"column":38},"end":{"line":41,"column":5}},"line":28},"5":{"name":"(anonymous_5)","decl":{"start":{"line":29,"column":33},"end":{"line":29,"column":34}},"loc":{"start":{"line":29,"column":41},"end":{"line":31,"column":7}},"line":29}},"branchMap":{"0":{"loc":{"start":{"line":8,"column":4},"end":{"line":14,"column":5}},"type":"if","locations":[{"start":{"line":8,"column":4},"end":{"line":14,"column":5}},{"start":{},"end":{}}],"line":8},"1":{"loc":{"start":{"line":9,"column":6},"end":{"line":13,"column":7}},"type":"if","locations":[{"start":{"line":9,"column":6},"end":{"line":13,"column":7}},{"start":{},"end":{}}],"line":9},"2":{"loc":{"start":{"line":9,"column":9},"end":{"line":10,"column":86}},"type":"binary-expr","locations":[{"start":{"line":9,"column":9},"end":{"line":9,"column":86}},{"start":{"line":10,"column":9},"end":{"line":10,"column":86}}],"line":9},"3":{"loc":{"start":{"line":32,"column":6},"end":{"line":40,"column":7}},"type":"if","locations":[{"start":{"line":32,"column":6},"end":{"line":40,"column":7}},{"start":{"line":38,"column":13},"end":{"line":40,"column":7}}],"line":32},"4":{"loc":{"start":{"line":35,"column":8},"end":{"line":37,"column":9}},"type":"if","locations":[{"start":{"line":35,"column":8},"end":{"line":37,"column":9}},{"start":{},"end":{}}],"line":35}},"s":{"0":4,"1":4,"2":259,"3":256,"4":4,"5":4,"6":4,"7":1019,"8":1019,"9":1,"10":1,"11":1,"12":4,"13":1,"14":1,"15":1,"16":1,"17":1,"18":0,"19":1},"f":{"0":4,"1":259,"2":1019,"3":1,"4":1,"5":4},"b":{"0":[256,3],"1":[4,252],"2":[256,253],"3":[1,0],"4":[1,0]},"_coverageSchema":"1a1c01bbd47fc00a2c39e90264f33305004495a9","hash":"cf039cb2e97fde2812f882c9a2c665aca90fe82e"}
,"C:\\Users\\Prince Singh\\Desktop\\FYP_CODE\\Final_Artefact\\serverComponents\\over-speeding.js": {"path":"C:\\Users\\Prince Singh\\Desktop\\FYP_CODE\\Final_Artefact\\serverComponents\\over-speeding.js","statementMap":{"0":{"start":{"line":16,"column":28},"end":{"line":16,"column":30}},"1":{"start":{"line":18,"column":2},"end":{"line":31,"column":3}},"2":{"start":{"line":20,"column":4},"end":{"line":30,"column":5}},"3":{"start":{"line":20,"column":17},"end":{"line":20,"column":18}},"4":{"start":{"line":21,"column":8},"end":{"line":29,"column":9}},"5":{"start":{"line":22,"column":29},"end":{"line":22,"column":139}},"6":{"start":{"line":23,"column":33},"end":{"line":23,"column":84}},"7":{"start":{"line":24,"column":10},"end":{"line":28,"column":11}},"8":{"start":{"line":25,"column":24},"end":{"line":26,"column":118}},"9":{"start":{"line":27,"column":12},"end":{"line":27,"column":39}},"10":{"start":{"line":32,"column":2},"end":{"line":32,"column":26}},"11":{"start":{"line":40,"column":19},"end":{"line":40,"column":144}},"12":{"start":{"line":41,"column":15},"end":{"line":41,"column":36}},"13":{"start":{"line":42,"column":2},"end":{"line":44,"column":5}},"14":{"start":{"line":43,"column":6},"end":{"line":43,"column":40}},"15":{"start":{"line":43,"column":14},"end":{"line":43,"column":40}},"16":{"start":{"line":45,"column":2},"end":{"line":45,"column":13}},"17":{"start":{"line":51,"column":19},"end":{"line":51,"column":136}},"18":{"start":{"line":52,"column":4},"end":{"line":55,"column":5}},"19":{"start":{"line":53,"column":19},"end":{"line":53,"column":40}},"20":{"start":{"line":54,"column":6},"end":{"line":54,"column":17}},"21":{"start":{"line":56,"column":4},"end":{"line":56,"column":15}},"22":{"start":{"line":61,"column":2},"end":{"line":74,"column":3}},"23":{"start":{"line":62,"column":23},"end":{"line":62,"column":81}},"24":{"start":{"line":63,"column":20},"end":{"line":63,"column":22}},"25":{"start":{"line":64,"column":16},"end":{"line":64,"column":51}},"26":{"start":{"line":64,"column":37},"end":{"line":64,"column":50}},"27":{"start":{"line":65,"column":4},"end":{"line":65,"column":32}},"28":{"start":{"line":66,"column":4},"end":{"line":66,"column":41}},"29":{"start":{"line":67,"column":4},"end":{"line":67,"column":53}},"30":{"start":{"line":68,"column":16},"end":{"line":68,"column":51}},"31":{"start":{"line":68,"column":37},"end":{"line":68,"column":50}},"32":{"start":{"line":69,"column":4},"end":{"line":69,"column":33}},"33":{"start":{"line":70,"column":4},"end":{"line":70,"column":42}},"34":{"start":{"line":71,"column":4},"end":{"line":71,"column":53}},"35":{"start":{"line":72,"column":19},"end":{"line":72,"column":76}},"36":{"start":{"line":73,"column":4},"end":{"line":73,"column":49}},"37":{"start":{"line":75,"column":2},"end":{"line":75,"column":27}},"38":{"start":{"line":80,"column":23},"end":{"line":80,"column":25}},"39":{"start":{"line":81,"column":2},"end":{"line":103,"column":3}},"40":{"start":{"line":84,"column":6},"end":{"line":89,"column":9}},"41":{"start":{"line":85,"column":8},"end":{"line":88,"column":11}},"42":{"start":{"line":86,"column":10},"end":{"line":87,"column":33}},"43":{"start":{"line":86,"column":21},"end":{"line":86,"column":35}},"44":{"start":{"line":87,"column":15},"end":{"line":87,"column":33}},"45":{"start":{"line":91,"column":23},"end":{"line":91,"column":77}},"46":{"start":{"line":93,"column":30},"end":{"line":93,"column":74}},"47":{"start":{"line":94,"column":4},"end":{"line":102,"column":5}},"48":{"start":{"line":96,"column":6},"end":{"line":101,"column":7}},"49":{"start":{"line":97,"column":36},"end":{"line":97,"column":82}},"50":{"start":{"line":98,"column":8},"end":{"line":100,"column":9}},"51":{"start":{"line":99,"column":10},"end":{"line":99,"column":48}},"52":{"start":{"line":104,"column":2},"end":{"line":104,"column":21}},"53":{"start":{"line":110,"column":21},"end":{"line":110,"column":74}},"54":{"start":{"line":111,"column":18},"end":{"line":111,"column":71}},"55":{"start":{"line":112,"column":4},"end":{"line":139,"column":3}},"56":{"start":{"line":113,"column":17},"end":{"line":115,"column":57}},"57":{"start":{"line":114,"column":6},"end":{"line":114,"column":23}},"58":{"start":{"line":115,"column":20},"end":{"line":115,"column":56}},"59":{"start":{"line":116,"column":17},"end":{"line":118,"column":55}},"60":{"start":{"line":117,"column":6},"end":{"line":117,"column":23}},"61":{"start":{"line":118,"column":20},"end":{"line":118,"column":54}},"62":{"start":{"line":119,"column":4},"end":{"line":135,"column":5}},"63":{"start":{"line":120,"column":6},"end":{"line":131,"column":7}},"64":{"start":{"line":121,"column":22},"end":{"line":121,"column":57}},"65":{"start":{"line":122,"column":8},"end":{"line":130,"column":9}},"66":{"start":{"line":124,"column":10},"end":{"line":129,"column":11}},"67":{"start":{"line":140,"column":2},"end":{"line":140,"column":8}}},"fnMap":{"0":{"name":"findSpeedIntervals","decl":{"start":{"line":15,"column":16},"end":{"line":15,"column":34}},"loc":{"start":{"line":15,"column":59},"end":{"line":33,"column":1}},"line":15},"1":{"name":"getallRoads","decl":{"start":{"line":39,"column":22},"end":{"line":39,"column":33}},"loc":{"start":{"line":39,"column":54},"end":{"line":46,"column":1}},"line":39},"2":{"name":"(anonymous_2)","decl":{"start":{"line":42,"column":54},"end":{"line":42,"column":55}},"loc":{"start":{"line":42,"column":76},"end":{"line":44,"column":3}},"line":42},"3":{"name":"getsingleRoad","decl":{"start":{"line":50,"column":22},"end":{"line":50,"column":35}},"loc":{"start":{"line":50,"column":46},"end":{"line":57,"column":1}},"line":50},"4":{"name":"findMaxRadius","decl":{"start":{"line":60,"column":16},"end":{"line":60,"column":29}},"loc":{"start":{"line":60,"column":38},"end":{"line":76,"column":1}},"line":60},"5":{"name":"(anonymous_5)","decl":{"start":{"line":64,"column":28},"end":{"line":64,"column":29}},"loc":{"start":{"line":64,"column":37},"end":{"line":64,"column":50}},"line":64},"6":{"name":"(anonymous_6)","decl":{"start":{"line":68,"column":28},"end":{"line":68,"column":29}},"loc":{"start":{"line":68,"column":37},"end":{"line":68,"column":50}},"line":68},"7":{"name":"calculateSpeed","decl":{"start":{"line":78,"column":22},"end":{"line":78,"column":36}},"loc":{"start":{"line":78,"column":54},"end":{"line":105,"column":1}},"line":78},"8":{"name":"fileContent","decl":{"start":{"line":83,"column":13},"end":{"line":83,"column":24}},"loc":{"start":{"line":83,"column":39},"end":{"line":90,"column":5}},"line":83},"9":{"name":"(anonymous_9)","decl":{"start":{"line":84,"column":25},"end":{"line":84,"column":26}},"loc":{"start":{"line":84,"column":52},"end":{"line":89,"column":7}},"line":84},"10":{"name":"(anonymous_10)","decl":{"start":{"line":85,"column":34},"end":{"line":85,"column":35}},"loc":{"start":{"line":85,"column":60},"end":{"line":88,"column":9}},"line":85},"11":{"name":"matchSingleRoadSpeed","decl":{"start":{"line":109,"column":15},"end":{"line":109,"column":35}},"loc":{"start":{"line":109,"column":56},"end":{"line":141,"column":1}},"line":109},"12":{"name":"(anonymous_12)","decl":{"start":{"line":113,"column":39},"end":{"line":113,"column":40}},"loc":{"start":{"line":113,"column":50},"end":{"line":115,"column":5}},"line":113},"13":{"name":"(anonymous_13)","decl":{"start":{"line":115,"column":12},"end":{"line":115,"column":13}},"loc":{"start":{"line":115,"column":20},"end":{"line":115,"column":56}},"line":115},"14":{"name":"(anonymous_14)","decl":{"start":{"line":116,"column":39},"end":{"line":116,"column":40}},"loc":{"start":{"line":116,"column":50},"end":{"line":118,"column":5}},"line":116},"15":{"name":"(anonymous_15)","decl":{"start":{"line":118,"column":12},"end":{"line":118,"column":13}},"loc":{"start":{"line":118,"column":20},"end":{"line":118,"column":54}},"line":118}},"branchMap":{"0":{"loc":{"start":{"line":18,"column":2},"end":{"line":31,"column":3}},"type":"if","locations":[{"start":{"line":18,"column":2},"end":{"line":31,"column":3}},{"start":{},"end":{}}],"line":18},"1":{"loc":{"start":{"line":21,"column":8},"end":{"line":29,"column":9}},"type":"if","locations":[{"start":{"line":21,"column":8},"end":{"line":29,"column":9}},{"start":{},"end":{}}],"line":21},"2":{"loc":{"start":{"line":24,"column":10},"end":{"line":28,"column":11}},"type":"if","locations":[{"start":{"line":24,"column":10},"end":{"line":28,"column":11}},{"start":{},"end":{}}],"line":24},"3":{"loc":{"start":{"line":43,"column":6},"end":{"line":43,"column":40}},"type":"if","locations":[{"start":{"line":43,"column":6},"end":{"line":43,"column":40}},{"start":{},"end":{}}],"line":43},"4":{"loc":{"start":{"line":52,"column":4},"end":{"line":55,"column":5}},"type":"if","locations":[{"start":{"line":52,"column":4},"end":{"line":55,"column":5}},{"start":{},"end":{}}],"line":52},"5":{"loc":{"start":{"line":61,"column":2},"end":{"line":74,"column":3}},"type":"if","locations":[{"start":{"line":61,"column":2},"end":{"line":74,"column":3}},{"start":{},"end":{}}],"line":61},"6":{"loc":{"start":{"line":81,"column":2},"end":{"line":103,"column":3}},"type":"if","locations":[{"start":{"line":81,"column":2},"end":{"line":103,"column":3}},{"start":{},"end":{}}],"line":81},"7":{"loc":{"start":{"line":86,"column":10},"end":{"line":87,"column":33}},"type":"if","locations":[{"start":{"line":86,"column":10},"end":{"line":87,"column":33}},{"start":{"line":87,"column":15},"end":{"line":87,"column":33}}],"line":86},"8":{"loc":{"start":{"line":94,"column":4},"end":{"line":102,"column":5}},"type":"if","locations":[{"start":{"line":94,"column":4},"end":{"line":102,"column":5}},{"start":{},"end":{}}],"line":94},"9":{"loc":{"start":{"line":98,"column":8},"end":{"line":100,"column":9}},"type":"if","locations":[{"start":{"line":98,"column":8},"end":{"line":100,"column":9}},{"start":{},"end":{}}],"line":98},"10":{"loc":{"start":{"line":112,"column":4},"end":{"line":139,"column":3}},"type":"if","locations":[{"start":{"line":112,"column":4},"end":{"line":139,"column":3}},{"start":{},"end":{}}],"line":112},"11":{"loc":{"start":{"line":112,"column":7},"end":{"line":112,"column":27}},"type":"binary-expr","locations":[{"start":{"line":112,"column":7},"end":{"line":112,"column":16}},{"start":{"line":112,"column":20},"end":{"line":112,"column":27}}],"line":112},"12":{"loc":{"start":{"line":119,"column":4},"end":{"line":135,"column":5}},"type":"if","locations":[{"start":{"line":119,"column":4},"end":{"line":135,"column":5}},{"start":{},"end":{}}],"line":119},"13":{"loc":{"start":{"line":119,"column":7},"end":{"line":119,"column":19}},"type":"binary-expr","locations":[{"start":{"line":119,"column":7},"end":{"line":119,"column":11}},{"start":{"line":119,"column":15},"end":{"line":119,"column":19}}],"line":119},"14":{"loc":{"start":{"line":120,"column":6},"end":{"line":131,"column":7}},"type":"if","locations":[{"start":{"line":120,"column":6},"end":{"line":131,"column":7}},{"start":{},"end":{}}],"line":120},"15":{"loc":{"start":{"line":122,"column":8},"end":{"line":130,"column":9}},"type":"if","locations":[{"start":{"line":122,"column":8},"end":{"line":130,"column":9}},{"start":{},"end":{}}],"line":122}},"s":{"0":1,"1":1,"2":1,"3":1,"4":11,"5":10,"6":10,"7":10,"8":10,"9":10,"10":1,"11":1,"12":1,"13":1,"14":1,"15":0,"16":1,"17":20,"18":20,"19":20,"20":20,"21":0,"22":2,"23":1,"24":1,"25":1,"26":24,"27":1,"28":1,"29":1,"30":1,"31":28,"32":1,"33":1,"34":1,"35":1,"36":1,"37":1,"38":1,"39":1,"40":1,"41":1,"42":1,"43":0,"44":1,"45":1,"46":1,"47":1,"48":1,"49":10,"50":10,"51":6,"52":1,"53":10,"54":10,"55":10,"56":10,"57":5230,"58":3496,"59":10,"60":5230,"61":3496,"62":10,"63":6,"64":6,"65":6,"66":6,"67":4},"f":{"0":1,"1":1,"2":1,"3":20,"4":2,"5":24,"6":28,"7":1,"8":1,"9":1,"10":1,"11":10,"12":5230,"13":3496,"14":5230,"15":3496},"b":{"0":[1,0],"1":[10,1],"2":[10,0],"3":[0,1],"4":[20,0],"5":[1,1],"6":[1,0],"7":[0,1],"8":[1,0],"9":[6,4],"10":[10,0],"11":[10,0],"12":[6,4],"13":[10,8],"14":[6,0],"15":[6,0]},"_coverageSchema":"1a1c01bbd47fc00a2c39e90264f33305004495a9","hash":"e2e509bb5149a8ddac0ec11165fcfbe991ab0e39"}
,"C:\\Users\\Prince Singh\\Desktop\\FYP_CODE\\Final_Artefact\\testingData\\accTestData.js": {"path":"C:\\Users\\Prince Singh\\Desktop\\FYP_CODE\\Final_Artefact\\testingData\\accTestData.js","statementMap":{"0":{"start":{"line":2,"column":2},"end":{"line":2,"column":13289}},"1":{"start":{"line":6,"column":2},"end":{"line":327,"column":1}},"2":{"start":{"line":331,"column":2},"end":{"line":337,"column":3}}},"fnMap":{"0":{"name":"gpsData","decl":{"start":{"line":1,"column":16},"end":{"line":1,"column":23}},"loc":{"start":{"line":1,"column":26},"end":{"line":3,"column":1}},"line":1},"1":{"name":"sameGpsData","decl":{"start":{"line":5,"column":16},"end":{"line":5,"column":27}},"loc":{"start":{"line":5,"column":30},"end":{"line":328,"column":1}},"line":5},"2":{"name":"realgpsData","decl":{"start":{"line":330,"column":16},"end":{"line":330,"column":27}},"loc":{"start":{"line":330,"column":30},"end":{"line":338,"column":1}},"line":330}},"branchMap":{},"s":{"0":1,"1":1,"2":2},"f":{"0":1,"1":1,"2":2},"b":{},"_coverageSchema":"1a1c01bbd47fc00a2c39e90264f33305004495a9","hash":"aec9d5aef2db2ade55cfc87f6fa557cf7614d3c2"}
,"C:\\Users\\Prince Singh\\Desktop\\FYP_CODE\\Final_Artefact\\testingData\\over-speedingTestData.js": {"path":"C:\\Users\\Prince Singh\\Desktop\\FYP_CODE\\Final_Artefact\\testingData\\over-speedingTestData.js","statementMap":{"0":{"start":{"line":2,"column":17},"end":{"line":5,"column":177}},"1":{"start":{"line":6,"column":2},"end":{"line":8,"column":4}},"2":{"start":{"line":7,"column":4},"end":{"line":7,"column":61}}},"fnMap":{"0":{"name":"realSpeedData","decl":{"start":{"line":1,"column":16},"end":{"line":1,"column":29}},"loc":{"start":{"line":1,"column":32},"end":{"line":9,"column":1}},"line":1},"1":{"name":"(anonymous_1)","decl":{"start":{"line":6,"column":20},"end":{"line":6,"column":21}},"loc":{"start":{"line":6,"column":31},"end":{"line":8,"column":3}},"line":6}},"branchMap":{},"s":{"0":2,"1":2,"2":22},"f":{"0":2,"1":22},"b":{},"_coverageSchema":"1a1c01bbd47fc00a2c39e90264f33305004495a9","hash":"2681d907ae5152e0349f7e171e212cd693ab1bca"}
}
