TN:
SF:serverComponents\acceleration.js
FN:5,extractGPSlocations
FN:7,(anonymous_1)
FN:20,reduceNumber
FN:26,showDistance
FN:28,(anonymous_4)
FN:29,(anonymous_5)
FNF:6
FNH:6
FNDA:4,extractGPSlocations
FNDA:259,(anonymous_1)
FNDA:1019,reduceNumber
FNDA:1,showDistance
FNDA:1,(anonymous_4)
FNDA:4,(anonymous_5)
DA:6,4
DA:7,4
DA:8,259
DA:9,256
DA:11,4
DA:12,4
DA:16,4
DA:21,1019
DA:22,1019
DA:27,1
DA:28,1
DA:29,1
DA:30,4
DA:32,1
DA:33,1
DA:34,1
DA:35,1
DA:36,1
DA:39,0
DA:42,1
LF:20
LH:19
BRDA:8,0,0,256
BRDA:8,0,1,3
BRDA:9,1,0,4
BRDA:9,1,1,252
BRDA:9,2,0,256
BRDA:9,2,1,253
BRDA:32,3,0,1
BRDA:32,3,1,0
BRDA:35,4,0,1
BRDA:35,4,1,0
BRF:10
BRH:8
end_of_record
TN:
SF:serverComponents\over-speeding.js
FN:15,findSpeedIntervals
FN:39,getallRoads
FN:42,(anonymous_2)
FN:50,getsingleRoad
FN:60,findMaxRadius
FN:64,(anonymous_5)
FN:68,(anonymous_6)
FN:78,calculateSpeed
FN:83,fileContent
FN:84,(anonymous_9)
FN:85,(anonymous_10)
FN:109,matchSingleRoadSpeed
FN:113,(anonymous_12)
FN:115,(anonymous_13)
FN:116,(anonymous_14)
FN:118,(anonymous_15)
FNF:16
FNH:16
FNDA:1,findSpeedIntervals
FNDA:1,getallRoads
FNDA:1,(anonymous_2)
FNDA:20,getsingleRoad
FNDA:2,findMaxRadius
FNDA:24,(anonymous_5)
FNDA:28,(anonymous_6)
FNDA:1,calculateSpeed
FNDA:1,fileContent
FNDA:1,(anonymous_9)
FNDA:1,(anonymous_10)
FNDA:10,matchSingleRoadSpeed
FNDA:5230,(anonymous_12)
FNDA:3496,(anonymous_13)
FNDA:5230,(anonymous_14)
FNDA:3496,(anonymous_15)
DA:16,1
DA:18,1
DA:20,1
DA:21,11
DA:22,10
DA:23,10
DA:24,10
DA:25,10
DA:27,10
DA:32,1
DA:40,1
DA:41,1
DA:42,1
DA:43,1
DA:45,1
DA:51,20
DA:52,20
DA:53,20
DA:54,20
DA:56,0
DA:61,2
DA:62,1
DA:63,1
DA:64,24
DA:65,1
DA:66,1
DA:67,1
DA:68,28
DA:69,1
DA:70,1
DA:71,1
DA:72,1
DA:73,1
DA:75,1
DA:80,1
DA:81,1
DA:84,1
DA:85,1
DA:86,1
DA:87,1
DA:91,1
DA:93,1
DA:94,1
DA:96,1
DA:97,10
DA:98,10
DA:99,6
DA:104,1
DA:110,10
DA:111,10
DA:112,10
DA:113,10
DA:114,5230
DA:115,3496
DA:116,10
DA:117,5230
DA:118,3496
DA:119,10
DA:120,6
DA:121,6
DA:122,6
DA:124,6
DA:140,4
LF:63
LH:62
BRDA:18,0,0,1
BRDA:18,0,1,0
BRDA:21,1,0,10
BRDA:21,1,1,1
BRDA:24,2,0,10
BRDA:24,2,1,0
BRDA:43,3,0,0
BRDA:43,3,1,1
BRDA:52,4,0,20
BRDA:52,4,1,0
BRDA:61,5,0,1
BRDA:61,5,1,1
BRDA:81,6,0,1
BRDA:81,6,1,0
BRDA:86,7,0,0
BRDA:86,7,1,1
BRDA:94,8,0,1
BRDA:94,8,1,0
BRDA:98,9,0,6
BRDA:98,9,1,4
BRDA:112,10,0,10
BRDA:112,10,1,0
BRDA:112,11,0,10
BRDA:112,11,1,0
BRDA:119,12,0,6
BRDA:119,12,1,4
BRDA:119,13,0,10
BRDA:119,13,1,8
BRDA:120,14,0,6
BRDA:120,14,1,0
BRDA:122,15,0,6
BRDA:122,15,1,0
BRF:32
BRH:21
end_of_record
TN:
SF:testingData\accTestData.js
FN:1,gpsData
FN:5,sameGpsData
FN:330,realgpsData
FNF:3
FNH:3
FNDA:1,gpsData
FNDA:1,sameGpsData
FNDA:2,realgpsData
DA:2,1
DA:6,1
DA:331,2
LF:3
LH:3
BRF:0
BRH:0
end_of_record
TN:
SF:testingData\over-speedingTestData.js
FN:1,realSpeedData
FN:6,(anonymous_1)
FNF:2
FNH:2
FNDA:2,realSpeedData
FNDA:22,(anonymous_1)
DA:2,2
DA:6,2
DA:7,22
LF:3
LH:3
BRF:0
BRH:0
end_of_record
