TN:
SF:serverComponents\acceleration.js
FN:5,extractGPSlocations
FN:7,(anonymous_1)
FN:20,reduceNumber
FN:26,showDistance
FN:28,(anonymous_4)
FN:29,(anonymous_5)
FNF:6
FNH:2
FNDA:1,extractGPSlocations
FNDA:0,(anonymous_1)
FNDA:1,reduceNumber
FNDA:0,showDistance
FNDA:0,(anonymous_4)
FNDA:0,(anonymous_5)
DA:6,1
DA:7,1
DA:8,0
DA:9,0
DA:11,0
DA:12,0
DA:16,1
DA:21,1
DA:22,1
DA:27,0
DA:28,0
DA:29,0
DA:30,0
DA:32,0
DA:33,0
DA:34,0
DA:35,0
DA:36,0
DA:40,0
LF:19
LH:5
BRDA:8,0,0,0
BRDA:8,0,1,0
BRDA:9,1,0,0
BRDA:9,1,1,0
BRDA:9,2,0,0
BRDA:9,2,1,0
BRDA:32,3,0,0
BRDA:32,3,1,0
BRDA:35,4,0,0
BRDA:35,4,1,0
BRF:10
BRH:0
end_of_record
